<?xml version="1.0" encoding="UTF-8"?>
<testsuite xmlns:xsi="http://www.w3.org/2001/XMLSchema-instance" xsi:noNamespaceSchemaLocation="https://maven.apache.org/surefire/maven-surefire-plugin/xsd/surefire-test-report-3.0.xsd" version="3.0" name="test.java.edu.eci.cvds.tdd.LibraryTest" time="0.037" tests="5" errors="0" skipped="0" failures="0">
  <properties>
[...]
</properties>
  <testcase name="testAddBookExistingBook" classname="test.java.edu.eci.cvds.tdd.LibraryTest" time="0.016"/>
  <testcase name="testBookAvailable" classname="test.java.edu.eci.cvds.tdd.LibraryTest" time="0.001"/>
  <testcase name="testUserExists" classname="test.java.edu.eci.cvds.tdd.LibraryTest" time="0.001"/>
  <testcase name="testAddBookNewBook" classname="test.java.edu.eci.cvds.tdd.LibraryTest" time="0.001"/>
  <testcase name="testAddBookNullBook" classname="test.java.edu.eci.cvds.tdd.LibraryTest" time="0.001"/>
</testsuite>